# JRE version: OpenJDK Runtime Environment (8.0_242-b01) (build 1.8.0_242-release-1644-b01)
# Java VM: OpenJDK 64-Bit Server VM (25.242-b01 mixed mode windows-amd64 compressed oops)
Heap:
 PSYoungGen      total 549888K, used 387591K [0x00000000d5580000, 0x0000000100000000, 0x0000000100000000)
  eden space 439808K, 63% used [0x00000000d5580000,0x00000000e6487f08,0x00000000f0300000)
  from space 110080K, 99% used [0x00000000f9480000,0x00000000ffffa0f0,0x0000000100000000)
  to   space 129536K, 0% used [0x00000000f0300000,0x00000000f0300000,0x00000000f8180000)
 ParOldGen       total 512000K, used 233888K [0x0000000080000000, 0x000000009f400000, 0x00000000d5580000)
  object space 512000K, 45% used [0x0000000080000000,0x000000008e468068,0x000000009f400000)
 Metaspace       used 138106K, capacity 144246K, committed 144532K, reserved 1175552K
  class space    used 17697K, capacity 19041K, committed 19132K, reserved 1048576K
GC Heap History (10 events):
Event: 870.967 GC heap before
{Heap before GC invocations=37 (full 4):
 PSYoungGen      total 586240K, used 570521K [0x00000000d5580000, 0x00000000ff900000, 0x0000000100000000)
  eden space 515072K, 100% used [0x00000000d5580000,0x00000000f4c80000,0x00000000f4c80000)
  from space 71168K, 77% used [0x00000000f9680000,0x00000000fcca6700,0x00000000fdc00000)
  to   space 75776K, 0% used [0x00000000f4c80000,0x00000000f4c80000,0x00000000f9680000)
 ParOldGen       total 315392K, used 238918K [0x0000000080000000, 0x0000000093400000, 0x00000000d5580000)
  object space 315392K, 75% used [0x0000000080000000,0x000000008e951830,0x0000000093400000)
 Metaspace       used 124464K, capacity 130340K, committed 130708K, reserved 1163264K
  class space    used 15744K, capacity 17009K, committed 17084K, reserved 1048576K
Event: 871.060 GC heap after
Heap after GC invocations=37 (full 4):
 PSYoungGen      total 590848K, used 75753K [0x00000000d5580000, 0x0000000100000000, 0x0000000100000000)
  eden space 515072K, 0% used [0x00000000d5580000,0x00000000d5580000,0x00000000f4c80000)
  from space 75776K, 99% used [0x00000000f4c80000,0x00000000f967a740,0x00000000f9680000)
  to   space 108032K, 0% used [0x00000000f9680000,0x00000000f9680000,0x0000000100000000)
 ParOldGen       total 315392K, used 299204K [0x0000000080000000, 0x0000000093400000, 0x00000000d5580000)
  object space 315392K, 94% used [0x0000000080000000,0x0000000092431068,0x0000000093400000)
 Metaspace       used 124464K, capacity 130340K, committed 130708K, reserved 1163264K
  class space    used 15744K, capacity 17009K, committed 17084K, reserved 1048576K
}
Event: 871.060 GC heap before
{Heap before GC invocations=38 (full 5):
 PSYoungGen      total 590848K, used 75753K [0x00000000d5580000, 0x0000000100000000, 0x0000000100000000)
  eden space 515072K, 0% used [0x00000000d5580000,0x00000000d5580000,0x00000000f4c80000)
  from space 75776K, 99% used [0x00000000f4c80000,0x00000000f967a740,0x00000000f9680000)
  to   space 108032K, 0% used [0x00000000f9680000,0x00000000f9680000,0x0000000100000000)
 ParOldGen       total 315392K, used 299204K [0x0000000080000000, 0x0000000093400000, 0x00000000d5580000)
  object space 315392K, 94% used [0x0000000080000000,0x0000000092431068,0x0000000093400000)
 Metaspace       used 124464K, capacity 130340K, committed 130708K, reserved 1163264K
  class space    used 15744K, capacity 17009K, committed 17084K, reserved 1048576K
Event: 871.549 GC heap after
Heap after GC invocations=38 (full 5):
 PSYoungGen      total 590848K, used 0K [0x00000000d5580000, 0x0000000100000000, 0x0000000100000000)
  eden space 515072K, 0% used [0x00000000d5580000,0x00000000d5580000,0x00000000f4c80000)
  from space 75776K, 0% used [0x00000000f4c80000,0x00000000f4c80000,0x00000000f9680000)
  to   space 108032K, 0% used [0x00000000f9680000,0x00000000f9680000,0x0000000100000000)
 ParOldGen       total 512000K, used 225335K [0x0000000080000000, 0x000000009f400000, 0x00000000d5580000)
  object space 512000K, 44% used [0x0000000080000000,0x000000008dc0df20,0x000000009f400000)
 Metaspace       used 124434K, capacity 130270K, committed 130708K, reserved 1163264K
  class space    used 15737K, capacity 16996K, committed 17084K, reserved 1048576K
}
Event: 877.099 GC heap before
{Heap before GC invocations=39 (full 5):
 PSYoungGen      total 590848K, used 515072K [0x00000000d5580000, 0x0000000100000000, 0x0000000100000000)
  eden space 515072K, 100% used [0x00000000d5580000,0x00000000f4c80000,0x00000000f4c80000)
  from space 75776K, 0% used [0x00000000f4c80000,0x00000000f4c80000,0x00000000f9680000)
  to   space 108032K, 0% used [0x00000000f9680000,0x00000000f9680000,0x0000000100000000)
 ParOldGen       total 512000K, used 225335K [0x0000000080000000, 0x000000009f400000, 0x00000000d5580000)
  object space 512000K, 44% used [0x0000000080000000,0x000000008dc0df20,0x000000009f400000)
 Metaspace       used 124802K, capacity 130684K, committed 130964K, reserved 1163264K
  class space    used 15767K, capacity 17039K, committed 17084K, reserved 1048576K
Event: 877.127 GC heap after
Heap after GC invocations=39 (full 5):
 PSYoungGen      total 595456K, used 46958K [0x00000000d5580000, 0x0000000100000000, 0x0000000100000000)
  eden space 487424K, 0% used [0x00000000d5580000,0x00000000d5580000,0x00000000f3180000)
  from space 108032K, 43% used [0x00000000f9680000,0x00000000fc45ba80,0x0000000100000000)
  to   space 103424K, 0% used [0x00000000f3180000,0x00000000f3180000,0x00000000f9680000)
 ParOldGen       total 512000K, used 225343K [0x0000000080000000, 0x000000009f400000, 0x00000000d5580000)
  object space 512000K, 44% used [0x0000000080000000,0x000000008dc0ff20,0x000000009f400000)
 Metaspace       used 124802K, capacity 130684K, committed 130964K, reserved 1163264K
  class space    used 15767K, capacity 17039K, committed 17084K, reserved 1048576K
}
Event: 881.381 GC heap before
{Heap before GC invocations=40 (full 5):
 PSYoungGen      total 595456K, used 534382K [0x00000000d5580000, 0x0000000100000000, 0x0000000100000000)
  eden space 487424K, 100% used [0x00000000d5580000,0x00000000f3180000,0x00000000f3180000)
  from space 108032K, 43% used [0x00000000f9680000,0x00000000fc45ba80,0x0000000100000000)
  to   space 103424K, 0% used [0x00000000f3180000,0x00000000f3180000,0x00000000f9680000)
 ParOldGen       total 512000K, used 225343K [0x0000000080000000, 0x000000009f400000, 0x00000000d5580000)
  object space 512000K, 44% used [0x0000000080000000,0x000000008dc0ff20,0x000000009f400000)
 Metaspace       used 127408K, capacity 133460K, committed 133652K, reserved 1165312K
  class space    used 16048K, capacity 17352K, committed 17468K, reserved 1048576K
Event: 881.434 GC heap after
Heap after GC invocations=40 (full 5):
 PSYoungGen      total 567808K, used 79889K [0x00000000d5580000, 0x0000000100000000, 0x0000000100000000)
  eden space 487424K, 0% used [0x00000000d5580000,0x00000000d5580000,0x00000000f3180000)
  from space 80384K, 99% used [0x00000000f3180000,0x00000000f7f845b8,0x00000000f8000000)
  to   space 110080K, 0% used [0x00000000f9480000,0x00000000f9480000,0x0000000100000000)
 ParOldGen       total 512000K, used 225351K [0x0000000080000000, 0x000000009f400000, 0x00000000d5580000)
  object space 512000K, 44% used [0x0000000080000000,0x000000008dc11f20,0x000000009f400000)
 Metaspace       used 127408K, capacity 133460K, committed 133652K, reserved 1165312K
  class space    used 16048K, capacity 17352K, committed 17468K, reserved 1048576K
}
Event: 884.011 GC heap before
{Heap before GC invocations=41 (full 5):
 PSYoungGen      total 567808K, used 567313K [0x00000000d5580000, 0x0000000100000000, 0x0000000100000000)
  eden space 487424K, 100% used [0x00000000d5580000,0x00000000f3180000,0x00000000f3180000)
  from space 80384K, 99% used [0x00000000f3180000,0x00000000f7f845b8,0x00000000f8000000)
  to   space 110080K, 0% used [0x00000000f9480000,0x00000000f9480000,0x0000000100000000)
 ParOldGen       total 512000K, used 225351K [0x0000000080000000, 0x000000009f400000, 0x00000000d5580000)
  object space 512000K, 44% used [0x0000000080000000,0x000000008dc11f20,0x000000009f400000)
 Metaspace       used 134086K, capacity 140278K, committed 140564K, reserved 1171456K
  class space    used 17052K, capacity 18401K, committed 18492K, reserved 1048576K
Event: 884.111 GC heap after
Heap after GC invocations=41 (full 5):
 PSYoungGen      total 549888K, used 110056K [0x00000000d5580000, 0x0000000100000000, 0x0000000100000000)
  eden space 439808K, 0% used [0x00000000d5580000,0x00000000d5580000,0x00000000f0300000)
  from space 110080K, 99% used [0x00000000f9480000,0x00000000ffffa0f0,0x0000000100000000)
  to   space 129536K, 0% used [0x00000000f0300000,0x00000000f0300000,0x00000000f8180000)
 ParOldGen       total 512000K, used 233888K [0x0000000080000000, 0x000000009f400000, 0x00000000d5580000)
  object space 512000K, 45% used [0x0000000080000000,0x000000008e468068,0x000000009f400000)
 Metaspace       used 134086K, capacity 140278K, committed 140564K, reserved 1171456K
  class space    used 17052K, capacity 18401K, committed 18492K, reserved 1048576K
}

